[0304/103552.619:ERROR:crash_report_database_win.cc(427)] unexpected header
[0305/130031.136:ERROR:crash_report_database_win.cc(427)] unexpected header
[0305/142511.232:ERROR:crash_report_database_win.cc(427)] unexpected header
[0305/185620.304:ERROR:crash_report_database_win.cc(427)] unexpected header
[0305/220823.435:ERROR:crash_report_database_win.cc(427)] unexpected header
[0306/013045.965:ERROR:crash_report_database_win.cc(427)] unexpected header
[0306/123802.632:ERROR:crash_report_database_win.cc(427)] unexpected header
[0306/143253.099:ERROR:crash_report_database_win.cc(427)] unexpected header
[0306/144253.155:ERROR:crash_report_database_win.cc(427)] unexpected header
[0306/144253.164:ERROR:crash_report_database_win.cc(427)] unexpected header
[0306/144753.101:ERROR:crash_report_database_win.cc(427)] unexpected header
[0306/150253.119:ERROR:crash_report_database_win.cc(427)] unexpected header
[0306/151753.120:ERROR:crash_report_database_win.cc(427)] unexpected header
[0306/153253.164:ERROR:crash_report_database_win.cc(427)] unexpected header
[0306/154753.164:ERROR:crash_report_database_win.cc(427)] unexpected header
[0306/160253.166:ERROR:crash_report_database_win.cc(427)] unexpected header
[0306/161753.169:ERROR:crash_report_database_win.cc(427)] unexpected header
[0306/163253.170:ERROR:crash_report_database_win.cc(427)] unexpected header
[0306/164753.171:ERROR:crash_report_database_win.cc(427)] unexpected header
[0306/173321.997:ERROR:crash_report_database_win.cc(427)] unexpected header
[0306/174822.130:ERROR:crash_report_database_win.cc(427)] unexpected header
[0306/224900.574:ERROR:crash_report_database_win.cc(427)] unexpected header
[0307/125146.402:ERROR:crash_report_database_win.cc(427)] unexpected header
[0307/152917.193:ERROR:crash_report_database_win.cc(427)] unexpected header
[0307/153917.199:ERROR:crash_report_database_win.cc(427)] unexpected header
[0307/153917.202:ERROR:crash_report_database_win.cc(427)] unexpected header
[0307/154417.202:ERROR:crash_report_database_win.cc(427)] unexpected header
[0307/155917.214:ERROR:crash_report_database_win.cc(427)] unexpected header
[0307/161417.227:ERROR:crash_report_database_win.cc(427)] unexpected header
[0307/162917.228:ERROR:crash_report_database_win.cc(427)] unexpected header
[0307/164417.232:ERROR:crash_report_database_win.cc(427)] unexpected header
[0307/165917.238:ERROR:crash_report_database_win.cc(427)] unexpected header
[0307/171417.240:ERROR:crash_report_database_win.cc(427)] unexpected header
[0307/172917.242:ERROR:crash_report_database_win.cc(427)] unexpected header
[0307/174417.244:ERROR:crash_report_database_win.cc(427)] unexpected header
[0307/175917.244:ERROR:crash_report_database_win.cc(427)] unexpected header
[0307/181417.252:ERROR:crash_report_database_win.cc(427)] unexpected header
[0307/182917.254:ERROR:crash_report_database_win.cc(427)] unexpected header
[0307/184417.255:ERROR:crash_report_database_win.cc(427)] unexpected header
[0307/185917.258:ERROR:crash_report_database_win.cc(427)] unexpected header
[0307/191417.259:ERROR:crash_report_database_win.cc(427)] unexpected header
[0307/202402.637:ERROR:crash_report_database_win.cc(427)] unexpected header
[0307/203902.722:ERROR:crash_report_database_win.cc(427)] unexpected header
[0307/205402.829:ERROR:crash_report_database_win.cc(427)] unexpected header
[0307/210902.831:ERROR:crash_report_database_win.cc(427)] unexpected header
[0307/212402.848:ERROR:crash_report_database_win.cc(427)] unexpected header
[0307/213902.849:ERROR:crash_report_database_win.cc(427)] unexpected header
[0307/215402.876:ERROR:crash_report_database_win.cc(427)] unexpected header
[0307/220902.877:ERROR:crash_report_database_win.cc(427)] unexpected header
[0307/222402.878:ERROR:crash_report_database_win.cc(427)] unexpected header
[0307/223902.882:ERROR:crash_report_database_win.cc(427)] unexpected header
[0307/225402.900:ERROR:crash_report_database_win.cc(427)] unexpected header
[0307/230902.902:ERROR:crash_report_database_win.cc(427)] unexpected header
[0307/231646.272:ERROR:process_reader_win.cc(123)] NtOpenThread: {Access Denied} A process has requested access to an object, but has not been granted those access rights. (0xc0000022)
[0307/231646.976:ERROR:exception_snapshot_win.cc(88)] thread ID 12812 not found in process
[0307/231646.991:WARNING:crash_report_exception_handler.cc(62)] ProcessSnapshotWin::Initialize failed
[0308/155242.685:ERROR:crash_report_database_win.cc(427)] unexpected header
[0308/193356.900:ERROR:crash_report_database_win.cc(427)] unexpected header
[0308/213507.618:ERROR:crash_report_database_win.cc(427)] unexpected header
[0308/225106.241:ERROR:crash_report_database_win.cc(427)] unexpected header
[0309/020139.708:ERROR:crash_report_database_win.cc(427)] unexpected header
[0309/032158.175:ERROR:crash_report_database_win.cc(427)] unexpected header
[0309/120653.036:ERROR:crash_report_database_win.cc(427)] unexpected header
[0309/161227.284:ERROR:crash_report_database_win.cc(427)] unexpected header
[0309/173428.487:ERROR:crash_report_database_win.cc(427)] unexpected header
[0309/180459.959:ERROR:crash_report_database_win.cc(427)] unexpected header
[0309/191451.041:ERROR:crash_report_database_win.cc(427)] unexpected header
[0309/192811.393:ERROR:crash_report_database_win.cc(427)] unexpected header
[0309/213404.259:ERROR:crash_report_database_win.cc(427)] unexpected header
[0309/225021.142:ERROR:crash_report_database_win.cc(427)] unexpected header
[0309/231230.853:ERROR:crash_report_database_win.cc(427)] unexpected header
[0310/182310.714:ERROR:crash_report_database_win.cc(427)] unexpected header
[0310/185316.696:ERROR:crash_report_database_win.cc(427)] unexpected header
[0310/185936.267:ERROR:crash_report_database_win.cc(427)] unexpected header
[0311/154907.753:ERROR:crash_report_database_win.cc(427)] unexpected header
[0315/134612.456:ERROR:crash_report_database_win.cc(427)] unexpected header
[0315/140033.197:ERROR:crash_report_database_win.cc(427)] unexpected header
[0315/141104.629:ERROR:crash_report_database_win.cc(427)] unexpected header
[0318/201121.964:ERROR:crash_report_database_win.cc(427)] unexpected header
[0318/210220.356:ERROR:crash_report_database_win.cc(427)] unexpected header
[0318/211138.947:ERROR:crash_report_database_win.cc(427)] unexpected header
[0318/221457.982:ERROR:crash_report_database_win.cc(427)] unexpected header
[0319/123401.445:ERROR:crash_report_database_win.cc(427)] unexpected header
[0319/130349.101:ERROR:crash_report_database_win.cc(427)] unexpected header
[0319/131349.117:ERROR:crash_report_database_win.cc(427)] unexpected header
[0319/131349.118:ERROR:crash_report_database_win.cc(427)] unexpected header
[0319/131849.102:ERROR:crash_report_database_win.cc(427)] unexpected header
[0319/133328.206:ERROR:crash_report_database_win.cc(427)] unexpected header
[0319/133349.103:ERROR:crash_report_database_win.cc(427)] unexpected header
[0319/134849.103:ERROR:crash_report_database_win.cc(427)] unexpected header
[0319/135211.123:ERROR:crash_report_database_win.cc(427)] unexpected header
[0319/141757.471:ERROR:crash_report_database_win.cc(427)] unexpected header
[0319/151914.569:ERROR:crash_report_database_win.cc(427)] unexpected header
[0319/155321.979:ERROR:crash_report_database_win.cc(427)] unexpected header
[0319/160322.036:ERROR:crash_report_database_win.cc(427)] unexpected header
[0319/160322.036:ERROR:crash_report_database_win.cc(427)] unexpected header
[0319/160821.981:ERROR:crash_report_database_win.cc(427)] unexpected header
[0319/162322.005:ERROR:crash_report_database_win.cc(427)] unexpected header
[0319/165942.659:ERROR:crash_report_database_win.cc(427)] unexpected header
[0319/170144.669:ERROR:crash_report_database_win.cc(427)] unexpected header
[0319/171442.970:ERROR:crash_report_database_win.cc(427)] unexpected header
[0319/172942.980:ERROR:crash_report_database_win.cc(427)] unexpected header
[0319/174443.046:ERROR:crash_report_database_win.cc(427)] unexpected header
[0319/175943.113:ERROR:crash_report_database_win.cc(427)] unexpected header
[0319/181443.142:ERROR:crash_report_database_win.cc(427)] unexpected header
[0319/182943.144:ERROR:crash_report_database_win.cc(427)] unexpected header
[0319/184443.145:ERROR:crash_report_database_win.cc(427)] unexpected header
[0319/185943.146:ERROR:crash_report_database_win.cc(427)] unexpected header
[0319/191443.146:ERROR:crash_report_database_win.cc(427)] unexpected header
[0319/192943.160:ERROR:crash_report_database_win.cc(427)] unexpected header
[0319/194443.161:ERROR:crash_report_database_win.cc(427)] unexpected header
[0319/195943.166:ERROR:crash_report_database_win.cc(427)] unexpected header
[0319/201443.322:ERROR:crash_report_database_win.cc(427)] unexpected header
[0319/202943.324:ERROR:crash_report_database_win.cc(427)] unexpected header
[0319/204443.331:ERROR:crash_report_database_win.cc(427)] unexpected header
[0319/205943.359:ERROR:crash_report_database_win.cc(427)] unexpected header
[0319/211443.366:ERROR:crash_report_database_win.cc(427)] unexpected header
[0319/212943.368:ERROR:crash_report_database_win.cc(427)] unexpected header
[0319/214443.491:ERROR:crash_report_database_win.cc(427)] unexpected header
[0319/215943.493:ERROR:crash_report_database_win.cc(427)] unexpected header
[0319/221443.493:ERROR:crash_report_database_win.cc(427)] unexpected header
[0319/222943.494:ERROR:crash_report_database_win.cc(427)] unexpected header
[0319/224443.501:ERROR:crash_report_database_win.cc(427)] unexpected header
[0319/225943.502:ERROR:crash_report_database_win.cc(427)] unexpected header
[0319/231443.507:ERROR:crash_report_database_win.cc(427)] unexpected header
[0319/232943.511:ERROR:crash_report_database_win.cc(427)] unexpected header
[0319/233501.519:ERROR:process_reader_win.cc(123)] NtOpenThread: {Access Denied} A process has requested access to an object, but has not been granted those access rights. (0xc0000022)
[0319/233502.269:ERROR:exception_snapshot_win.cc(88)] thread ID 3988 not found in process
[0319/233502.269:WARNING:crash_report_exception_handler.cc(62)] ProcessSnapshotWin::Initialize failed
[0319/233502.269:ERROR:scoped_process_suspend.cc(40)] NtResumeProcess: An attempt was made to access an exiting process. (0xc000010a)
[0320/144035.318:ERROR:crash_report_database_win.cc(427)] unexpected header
[0321/141546.619:ERROR:crash_report_database_win.cc(427)] unexpected header
<<<<<<< Updated upstream
[0321/204224.373:ERROR:crash_report_database_win.cc(427)] unexpected header
=======
>>>>>>> Stashed changes
[0321/225124.451:ERROR:crash_report_database_win.cc(427)] unexpected header
